0 info it worked if it ends with ok
1 verbose cli [ '/usr/bin/nodejs', '/usr/bin/npm', 'install', 'node' ]
2 info using npm@3.5.2
3 info using node@v4.2.6
4 silly loadCurrentTree Starting
5 silly install loadCurrentTree
6 silly install readLocalPackageData
7 silly fetchPackageMetaData node
8 silly fetchNamedPackageData node
9 silly mapToRegistry name node
10 silly mapToRegistry using default registry
11 silly mapToRegistry registry https://registry.npmjs.org/
12 silly mapToRegistry uri https://registry.npmjs.org/node
13 verbose request uri https://registry.npmjs.org/node
14 verbose request no auth needed
15 info attempt registry request try #1 at 6:15:55 PM
16 verbose request id f54411fd49ab5638
17 verbose etag W/"5a03ed9b-50e9a"
18 verbose lastModified Thu, 09 Nov 2017 05:54:35 GMT
19 http request GET https://registry.npmjs.org/node
20 http 304 https://registry.npmjs.org/node
21 verbose headers { date: 'Sun, 12 Nov 2017 18:15:55 GMT',
21 verbose headers   via: '1.1 varnish',
21 verbose headers   'cache-control': 'max-age=300',
21 verbose headers   etag: 'W/"5a03ed9b-50e9a"',
21 verbose headers   age: '81',
21 verbose headers   connection: 'keep-alive',
21 verbose headers   'x-served-by': 'cache-sin18032-SIN',
21 verbose headers   'x-cache': 'HIT',
21 verbose headers   'x-cache-hits': '1',
21 verbose headers   'x-timer': 'S1510510556.769644,VS0,VE0',
21 verbose headers   vary: 'Accept-Encoding, Accept' }
22 silly get cb [ 304,
22 silly get   { date: 'Sun, 12 Nov 2017 18:15:55 GMT',
22 silly get     via: '1.1 varnish',
22 silly get     'cache-control': 'max-age=300',
22 silly get     etag: 'W/"5a03ed9b-50e9a"',
22 silly get     age: '81',
22 silly get     connection: 'keep-alive',
22 silly get     'x-served-by': 'cache-sin18032-SIN',
22 silly get     'x-cache': 'HIT',
22 silly get     'x-cache-hits': '1',
22 silly get     'x-timer': 'S1510510556.769644,VS0,VE0',
22 silly get     vary: 'Accept-Encoding, Accept' } ]
23 verbose etag https://registry.npmjs.org/node from cache
24 verbose get saving node to /home/leanhtuan110596/.npm/registry.npmjs.org/node/.cache.json
25 silly install normalizeTree
26 silly loadCurrentTree Finishing
27 silly loadIdealTree Starting
28 silly install loadIdealTree
29 silly cloneCurrentTree Starting
30 silly install cloneCurrentTreeToIdealTree
31 silly cloneCurrentTree Finishing
32 silly loadShrinkwrap Starting
33 silly install loadShrinkwrap
34 silly loadShrinkwrap Finishing
35 silly loadAllDepsIntoIdealTree Starting
36 silly install loadAllDepsIntoIdealTree
37 silly resolveWithNewModule node@9.1.0 checking installable status
38 silly cache add args [ 'node', null ]
39 verbose cache add spec node
40 silly cache add parsed spec Result {
40 silly cache add   raw: 'node',
40 silly cache add   scope: null,
40 silly cache add   name: 'node',
40 silly cache add   rawSpec: '',
40 silly cache add   spec: 'latest',
40 silly cache add   type: 'tag' }
41 silly addNamed node@latest
42 verbose addNamed "latest" is being treated as a dist-tag for node
43 info addNameTag [ 'node', 'latest' ]
44 silly mapToRegistry name node
45 silly mapToRegistry using default registry
46 silly mapToRegistry registry https://registry.npmjs.org/
47 silly mapToRegistry uri https://registry.npmjs.org/node
48 verbose addNameTag registry:https://registry.npmjs.org/node not in flight; fetching
49 verbose get https://registry.npmjs.org/node not expired, no request
50 silly addNameTag next cb for node with tag latest
51 silly addNamed node@9.1.0
52 verbose addNamed "9.1.0" is a plain semver version for node
53 silly cache afterAdd node@9.1.0
54 verbose afterAdd /home/leanhtuan110596/.npm/node/9.1.0/package/package.json not in flight; writing
55 verbose afterAdd /home/leanhtuan110596/.npm/node/9.1.0/package/package.json written
56 silly fetchNamedPackageData node-bin-setup
57 silly mapToRegistry name node-bin-setup
58 silly mapToRegistry using default registry
59 silly mapToRegistry registry https://registry.npmjs.org/
60 silly mapToRegistry uri https://registry.npmjs.org/node-bin-setup
61 verbose request uri https://registry.npmjs.org/node-bin-setup
62 verbose request no auth needed
63 info attempt registry request try #1 at 6:15:56 PM
64 verbose etag W/"5976bbea-1511"
65 verbose lastModified Tue, 25 Jul 2017 03:32:58 GMT
66 http request GET https://registry.npmjs.org/node-bin-setup
67 http 304 https://registry.npmjs.org/node-bin-setup
68 verbose headers { date: 'Sun, 12 Nov 2017 18:15:56 GMT',
68 verbose headers   via: '1.1 varnish',
68 verbose headers   'cache-control': 'max-age=300',
68 verbose headers   etag: 'W/"5976bbea-1511"',
68 verbose headers   age: '80',
68 verbose headers   connection: 'keep-alive',
68 verbose headers   'x-served-by': 'cache-sin18021-SIN',
68 verbose headers   'x-cache': 'HIT',
68 verbose headers   'x-cache-hits': '1',
68 verbose headers   'x-timer': 'S1510510557.770606,VS0,VE0',
68 verbose headers   vary: 'Accept-Encoding, Accept' }
69 silly get cb [ 304,
69 silly get   { date: 'Sun, 12 Nov 2017 18:15:56 GMT',
69 silly get     via: '1.1 varnish',
69 silly get     'cache-control': 'max-age=300',
69 silly get     etag: 'W/"5976bbea-1511"',
69 silly get     age: '80',
69 silly get     connection: 'keep-alive',
69 silly get     'x-served-by': 'cache-sin18021-SIN',
69 silly get     'x-cache': 'HIT',
69 silly get     'x-cache-hits': '1',
69 silly get     'x-timer': 'S1510510557.770606,VS0,VE0',
69 silly get     vary: 'Accept-Encoding, Accept' } ]
70 verbose etag https://registry.npmjs.org/node-bin-setup from cache
71 verbose get saving node-bin-setup to /home/leanhtuan110596/.npm/registry.npmjs.org/node-bin-setup/.cache.json
72 silly resolveWithNewModule node-bin-setup@1.0.6 checking installable status
73 silly cache add args [ 'node-bin-setup@^1.0.0', null ]
74 verbose cache add spec node-bin-setup@^1.0.0
75 silly cache add parsed spec Result {
75 silly cache add   raw: 'node-bin-setup@^1.0.0',
75 silly cache add   scope: null,
75 silly cache add   name: 'node-bin-setup',
75 silly cache add   rawSpec: '^1.0.0',
75 silly cache add   spec: '>=1.0.0 <2.0.0',
75 silly cache add   type: 'range' }
76 silly addNamed node-bin-setup@>=1.0.0 <2.0.0
77 verbose addNamed ">=1.0.0 <2.0.0" is a valid semver range for node-bin-setup
78 silly addNameRange { name: 'node-bin-setup',
78 silly addNameRange   range: '>=1.0.0 <2.0.0',
78 silly addNameRange   hasData: false }
79 silly mapToRegistry name node-bin-setup
80 silly mapToRegistry using default registry
81 silly mapToRegistry registry https://registry.npmjs.org/
82 silly mapToRegistry uri https://registry.npmjs.org/node-bin-setup
83 verbose addNameRange registry:https://registry.npmjs.org/node-bin-setup not in flight; fetching
84 verbose get https://registry.npmjs.org/node-bin-setup not expired, no request
85 silly addNameRange number 2 { name: 'node-bin-setup',
85 silly addNameRange   range: '>=1.0.0 <2.0.0',
85 silly addNameRange   hasData: true }
86 silly addNameRange versions [ 'node-bin-setup',
86 silly addNameRange   [ '1.0.0', '1.0.1', '1.0.2', '1.0.3', '1.0.4', '1.0.6' ] ]
87 silly addNamed node-bin-setup@1.0.6
88 verbose addNamed "1.0.6" is a plain semver version for node-bin-setup
89 silly cache afterAdd node-bin-setup@1.0.6
90 verbose afterAdd /home/leanhtuan110596/.npm/node-bin-setup/1.0.6/package/package.json not in flight; writing
91 verbose afterAdd /home/leanhtuan110596/.npm/node-bin-setup/1.0.6/package/package.json written
92 silly fetchNamedPackageData fsevents
93 silly mapToRegistry name fsevents
94 silly mapToRegistry using default registry
95 silly mapToRegistry registry https://registry.npmjs.org/
96 silly mapToRegistry uri https://registry.npmjs.org/fsevents
97 verbose request uri https://registry.npmjs.org/fsevents
98 verbose request no auth needed
99 info attempt registry request try #1 at 6:15:57 PM
100 verbose etag W/"5a0626da-e534"
101 verbose lastModified Fri, 10 Nov 2017 22:23:22 GMT
102 http request GET https://registry.npmjs.org/fsevents
103 http 304 https://registry.npmjs.org/fsevents
104 verbose headers { date: 'Sun, 12 Nov 2017 18:15:57 GMT',
104 verbose headers   via: '1.1 varnish',
104 verbose headers   'cache-control': 'max-age=300',
104 verbose headers   etag: 'W/"5a0626da-e534"',
104 verbose headers   age: '27',
104 verbose headers   connection: 'keep-alive',
104 verbose headers   'x-served-by': 'cache-sin18024-SIN',
104 verbose headers   'x-cache': 'HIT',
104 verbose headers   'x-cache-hits': '2',
104 verbose headers   'x-timer': 'S1510510557.252341,VS0,VE0',
104 verbose headers   vary: 'Accept-Encoding, Accept' }
105 silly get cb [ 304,
105 silly get   { date: 'Sun, 12 Nov 2017 18:15:57 GMT',
105 silly get     via: '1.1 varnish',
105 silly get     'cache-control': 'max-age=300',
105 silly get     etag: 'W/"5a0626da-e534"',
105 silly get     age: '27',
105 silly get     connection: 'keep-alive',
105 silly get     'x-served-by': 'cache-sin18024-SIN',
105 silly get     'x-cache': 'HIT',
105 silly get     'x-cache-hits': '2',
105 silly get     'x-timer': 'S1510510557.252341,VS0,VE0',
105 silly get     vary: 'Accept-Encoding, Accept' } ]
106 verbose etag https://registry.npmjs.org/fsevents from cache
107 verbose get saving fsevents to /home/leanhtuan110596/.npm/registry.npmjs.org/fsevents/.cache.json
108 silly resolveWithNewModule fsevents@1.1.3 checking installable status
109 silly loadAllDepsIntoIdealTree Finishing
110 silly idealTree:prePrune eventifyserver@1.0.0
110 silly idealTree:prePrune ├── abbrev@1.1.1
110 silly idealTree:prePrune ├── accepts@1.3.4
110 silly idealTree:prePrune ├── acorn-globals@1.0.9
110 silly idealTree:prePrune ├── acorn@2.7.0
110 silly idealTree:prePrune ├── after@0.8.2
110 silly idealTree:prePrune ├── ajv@5.3.0
110 silly idealTree:prePrune ├── align-text@0.1.4
110 silly idealTree:prePrune ├── amdefine@1.0.1
110 silly idealTree:prePrune ├── ansi-align@2.0.0
110 silly idealTree:prePrune ├── ansi-regex@3.0.0
110 silly idealTree:prePrune ├── ansi-styles@3.2.0
110 silly idealTree:prePrune ├── anymatch@1.3.2
110 silly idealTree:prePrune ├── append-field@0.1.0
110 silly idealTree:prePrune ├── arr-diff@2.0.0
110 silly idealTree:prePrune ├── arr-flatten@1.1.0
110 silly idealTree:prePrune ├── array-flatten@1.1.1
110 silly idealTree:prePrune ├── array-unique@0.2.1
110 silly idealTree:prePrune ├── arraybuffer.slice@0.0.6
110 silly idealTree:prePrune ├── asap@1.0.0
110 silly idealTree:prePrune ├── asn1@0.2.3
110 silly idealTree:prePrune ├── assert-plus@1.0.0
110 silly idealTree:prePrune ├── async-each@1.0.1
110 silly idealTree:prePrune ├── async@2.1.4
110 silly idealTree:prePrune ├── asynckit@0.4.0
110 silly idealTree:prePrune ├── aws-sign2@0.7.0
110 silly idealTree:prePrune ├── aws4@1.6.0
110 silly idealTree:prePrune ├── backo2@1.0.2
110 silly idealTree:prePrune ├── balanced-match@1.0.0
110 silly idealTree:prePrune ├── base64-arraybuffer@0.1.5
110 silly idealTree:prePrune ├── base64id@1.0.0
110 silly idealTree:prePrune ├── base64url@2.0.0
110 silly idealTree:prePrune ├── basic-auth@2.0.0
110 silly idealTree:prePrune ├── bcrypt-pbkdf@1.0.1
110 silly idealTree:prePrune ├── better-assert@1.0.2
110 silly idealTree:prePrune ├── binary-extensions@1.10.0
110 silly idealTree:prePrune ├── blob@0.0.4
110 silly idealTree:prePrune ├── bluebird@3.5.1
110 silly idealTree:prePrune ├── body-parser@1.18.2
110 silly idealTree:prePrune ├── boom@4.3.1
110 silly idealTree:prePrune ├─┬ boxen@1.2.2
110 silly idealTree:prePrune │ └── camelcase@4.1.0
110 silly idealTree:prePrune ├── brace-expansion@1.1.8
110 silly idealTree:prePrune ├── braces@1.8.5
110 silly idealTree:prePrune ├── bson@1.0.4
110 silly idealTree:prePrune ├── buffer-equal-constant-time@1.0.1
110 silly idealTree:prePrune ├── buffer-shims@1.0.0
110 silly idealTree:prePrune ├─┬ busboy@0.2.14
110 silly idealTree:prePrune │ ├── isarray@0.0.1
110 silly idealTree:prePrune │ ├── readable-stream@1.1.14
110 silly idealTree:prePrune │ └── string_decoder@0.10.31
110 silly idealTree:prePrune ├── bytes@3.0.0
110 silly idealTree:prePrune ├── callsite@1.0.0
110 silly idealTree:prePrune ├── camelcase@1.2.1
110 silly idealTree:prePrune ├── capture-stack-trace@1.0.0
110 silly idealTree:prePrune ├── caseless@0.12.0
110 silly idealTree:prePrune ├── center-align@0.1.3
110 silly idealTree:prePrune ├── chalk@2.3.0
110 silly idealTree:prePrune ├── character-parser@1.2.1
110 silly idealTree:prePrune ├── chokidar@1.7.0
110 silly idealTree:prePrune ├─┬ clean-css@3.4.28
110 silly idealTree:prePrune │ └── commander@2.8.1
110 silly idealTree:prePrune ├── cli-boxes@1.0.0
110 silly idealTree:prePrune ├─┬ cliui@2.1.0
110 silly idealTree:prePrune │ └── wordwrap@0.0.2
110 silly idealTree:prePrune ├── co@4.6.0
110 silly idealTree:prePrune ├── code-point-at@1.1.0
110 silly idealTree:prePrune ├── color-convert@1.9.1
110 silly idealTree:prePrune ├── color-name@1.1.3
110 silly idealTree:prePrune ├── combined-stream@1.0.5
110 silly idealTree:prePrune ├── commander@2.6.0
110 silly idealTree:prePrune ├── component-bind@1.0.0
110 silly idealTree:prePrune ├── component-emitter@1.2.1
110 silly idealTree:prePrune ├── component-inherit@0.0.3
110 silly idealTree:prePrune ├── concat-map@0.0.1
110 silly idealTree:prePrune ├── concat-stream@1.6.0
110 silly idealTree:prePrune ├── config@1.28.1
110 silly idealTree:prePrune ├── configstore@3.1.1
110 silly idealTree:prePrune ├── constantinople@3.0.2
110 silly idealTree:prePrune ├── content-disposition@0.5.2
110 silly idealTree:prePrune ├── content-type@1.0.4
110 silly idealTree:prePrune ├── cookie-parser@1.4.3
110 silly idealTree:prePrune ├── cookie-signature@1.0.6
110 silly idealTree:prePrune ├── cookie@0.3.1
110 silly idealTree:prePrune ├── core-util-is@1.0.2
110 silly idealTree:prePrune ├── create-error-class@3.0.2
110 silly idealTree:prePrune ├── cross-spawn@5.1.0
110 silly idealTree:prePrune ├─┬ cryptiles@3.1.2
110 silly idealTree:prePrune │ └── boom@5.2.0
110 silly idealTree:prePrune ├── crypto-random-string@1.0.0
110 silly idealTree:prePrune ├── css-parse@1.0.4
110 silly idealTree:prePrune ├── css-stringify@1.0.5
110 silly idealTree:prePrune ├── css@1.0.8
110 silly idealTree:prePrune ├── dashdash@1.14.1
110 silly idealTree:prePrune ├── debug@2.6.9
110 silly idealTree:prePrune ├── decamelize@1.2.0
110 silly idealTree:prePrune ├── deep-extend@0.4.2
110 silly idealTree:prePrune ├── delayed-stream@1.0.0
110 silly idealTree:prePrune ├── depd@1.1.1
110 silly idealTree:prePrune ├── destroy@1.0.4
110 silly idealTree:prePrune ├─┬ dicer@0.2.5
110 silly idealTree:prePrune │ ├── isarray@0.0.1
110 silly idealTree:prePrune │ ├── readable-stream@1.1.14
110 silly idealTree:prePrune │ └── string_decoder@0.10.31
110 silly idealTree:prePrune ├── dot-prop@4.2.0
110 silly idealTree:prePrune ├── duplexer@0.1.1
110 silly idealTree:prePrune ├── duplexer3@0.1.4
110 silly idealTree:prePrune ├── ecc-jsbn@0.1.1
110 silly idealTree:prePrune ├── ecdsa-sig-formatter@1.0.9
110 silly idealTree:prePrune ├── ee-first@1.1.1
110 silly idealTree:prePrune ├── ejs@2.5.7
110 silly idealTree:prePrune ├── encodeurl@1.0.1
110 silly idealTree:prePrune ├── engine.io-client@3.1.3
110 silly idealTree:prePrune ├── engine.io-parser@2.1.1
110 silly idealTree:prePrune ├─┬ engine.io@3.1.3
110 silly idealTree:prePrune │ └── accepts@1.3.3
110 silly idealTree:prePrune ├── es6-promise@3.2.1
110 silly idealTree:prePrune ├── escape-html@1.0.3
110 silly idealTree:prePrune ├── escape-string-regexp@1.0.5
110 silly idealTree:prePrune ├── etag@1.8.1
110 silly idealTree:prePrune ├── event-stream@3.3.4
110 silly idealTree:prePrune ├── execa@0.7.0
110 silly idealTree:prePrune ├── expand-brackets@0.1.5
110 silly idealTree:prePrune ├── expand-range@1.8.2
110 silly idealTree:prePrune ├─┬ express@4.16.2
110 silly idealTree:prePrune │ ├── setprototypeof@1.1.0
110 silly idealTree:prePrune │ └── statuses@1.3.1
110 silly idealTree:prePrune ├── extend@3.0.1
110 silly idealTree:prePrune ├── extglob@0.3.2
110 silly idealTree:prePrune ├── extsprintf@1.3.0
110 silly idealTree:prePrune ├── fast-deep-equal@1.0.0
110 silly idealTree:prePrune ├── fast-json-stable-stringify@2.0.0
110 silly idealTree:prePrune ├── filename-regex@2.0.1
110 silly idealTree:prePrune ├── fill-range@2.2.3
110 silly idealTree:prePrune ├─┬ finalhandler@1.1.0
110 silly idealTree:prePrune │ └── statuses@1.3.1
110 silly idealTree:prePrune ├── for-in@1.0.2
110 silly idealTree:prePrune ├── for-own@0.1.5
110 silly idealTree:prePrune ├── forever-agent@0.6.1
110 silly idealTree:prePrune ├── form-data@2.3.1
110 silly idealTree:prePrune ├── forwarded@0.1.2
110 silly idealTree:prePrune ├── fresh@0.5.2
110 silly idealTree:prePrune ├── from@0.1.7
110 silly idealTree:prePrune ├── get-stream@3.0.0
110 silly idealTree:prePrune ├── getpass@0.1.7
110 silly idealTree:prePrune ├── glob-base@0.3.0
110 silly idealTree:prePrune ├── glob-parent@2.0.0
110 silly idealTree:prePrune ├── global-dirs@0.1.0
110 silly idealTree:prePrune ├── got@6.7.1
110 silly idealTree:prePrune ├── graceful-fs@4.1.11
110 silly idealTree:prePrune ├── graceful-readlink@1.0.1
110 silly idealTree:prePrune ├── har-schema@2.0.0
110 silly idealTree:prePrune ├── har-validator@5.0.3
110 silly idealTree:prePrune ├─┬ has-binary2@1.0.2
110 silly idealTree:prePrune │ └── isarray@2.0.1
110 silly idealTree:prePrune ├── has-cors@1.1.0
110 silly idealTree:prePrune ├── has-flag@2.0.0
110 silly idealTree:prePrune ├── hawk@6.0.2
110 silly idealTree:prePrune ├── hoek@4.2.0
110 silly idealTree:prePrune ├── hooks-fixed@2.0.2
110 silly idealTree:prePrune ├── http-errors@1.6.2
110 silly idealTree:prePrune ├── http-signature@1.2.0
110 silly idealTree:prePrune ├── iconv-lite@0.4.19
110 silly idealTree:prePrune ├── ignore-by-default@1.0.1
110 silly idealTree:prePrune ├── import-lazy@2.1.0
110 silly idealTree:prePrune ├── imurmurhash@0.1.4
110 silly idealTree:prePrune ├── indexof@0.0.1
110 silly idealTree:prePrune ├── inherits@2.0.3
110 silly idealTree:prePrune ├── ini@1.3.4
110 silly idealTree:prePrune ├── ipaddr.js@1.5.2
110 silly idealTree:prePrune ├── is-binary-path@1.0.1
110 silly idealTree:prePrune ├── is-buffer@1.1.6
110 silly idealTree:prePrune ├── is-dotfile@1.0.3
110 silly idealTree:prePrune ├── is-equal-shallow@0.1.3
110 silly idealTree:prePrune ├── is-extendable@0.1.1
110 silly idealTree:prePrune ├── is-extglob@1.0.0
110 silly idealTree:prePrune ├── is-fullwidth-code-point@2.0.0
110 silly idealTree:prePrune ├── is-glob@2.0.1
110 silly idealTree:prePrune ├── is-installed-globally@0.1.0
110 silly idealTree:prePrune ├── is-npm@1.0.0
110 silly idealTree:prePrune ├── is-number@2.1.0
110 silly idealTree:prePrune ├── is-obj@1.0.1
110 silly idealTree:prePrune ├── is-path-inside@1.0.0
110 silly idealTree:prePrune ├── is-posix-bracket@0.1.1
110 silly idealTree:prePrune ├── is-primitive@2.0.0
110 silly idealTree:prePrune ├── is-promise@2.1.0
110 silly idealTree:prePrune ├── is-redirect@1.0.0
110 silly idealTree:prePrune ├── is-retry-allowed@1.1.0
110 silly idealTree:prePrune ├── is-stream@1.1.0
110 silly idealTree:prePrune ├── is-typedarray@1.0.0
110 silly idealTree:prePrune ├── isarray@1.0.0
110 silly idealTree:prePrune ├── isexe@2.0.0
110 silly idealTree:prePrune ├── isobject@2.1.0
110 silly idealTree:prePrune ├── isstream@0.1.2
110 silly idealTree:prePrune ├── jade@1.11.0
110 silly idealTree:prePrune ├── jsbn@0.1.1
110 silly idealTree:prePrune ├── json-schema-traverse@0.3.1
110 silly idealTree:prePrune ├── json-schema@0.2.3
110 silly idealTree:prePrune ├── json-stringify-safe@5.0.1
110 silly idealTree:prePrune ├── json5@0.4.0
110 silly idealTree:prePrune ├── jsonwebtoken@8.1.0
110 silly idealTree:prePrune ├── jsprim@1.4.1
110 silly idealTree:prePrune ├── jstransformer@0.0.2
110 silly idealTree:prePrune ├── jwa@1.1.5
110 silly idealTree:prePrune ├── jws@3.1.4
110 silly idealTree:prePrune ├── kareem@1.5.0
110 silly idealTree:prePrune ├── kind-of@3.2.2
110 silly idealTree:prePrune ├── latest-version@3.1.0
110 silly idealTree:prePrune ├── lazy-cache@1.0.4
110 silly idealTree:prePrune ├── lodash._baseassign@3.2.0
110 silly idealTree:prePrune ├── lodash._basecopy@3.0.1
110 silly idealTree:prePrune ├── lodash._bindcallback@3.0.1
110 silly idealTree:prePrune ├── lodash._createassigner@3.1.1
110 silly idealTree:prePrune ├── lodash._getnative@3.9.1
110 silly idealTree:prePrune ├── lodash._isiterateecall@3.0.9
110 silly idealTree:prePrune ├── lodash.assign@3.2.0
110 silly idealTree:prePrune ├── lodash.defaults@3.1.2
110 silly idealTree:prePrune ├── lodash.get@4.4.2
110 silly idealTree:prePrune ├── lodash.includes@4.3.0
110 silly idealTree:prePrune ├── lodash.isarguments@3.1.0
110 silly idealTree:prePrune ├── lodash.isarray@3.0.4
110 silly idealTree:prePrune ├── lodash.isboolean@3.0.3
110 silly idealTree:prePrune ├── lodash.isinteger@4.0.4
110 silly idealTree:prePrune ├── lodash.isnumber@3.0.3
110 silly idealTree:prePrune ├── lodash.isplainobject@4.0.6
110 silly idealTree:prePrune ├── lodash.isstring@4.0.1
110 silly idealTree:prePrune ├── lodash.keys@3.1.2
110 silly idealTree:prePrune ├── lodash.once@4.1.1
110 silly idealTree:prePrune ├── lodash.restparam@3.6.1
110 silly idealTree:prePrune ├── lodash@4.17.4
110 silly idealTree:prePrune ├── longest@1.0.1
110 silly idealTree:prePrune ├── lowercase-keys@1.0.0
110 silly idealTree:prePrune ├── lru-cache@4.1.1
110 silly idealTree:prePrune ├── make-dir@1.1.0
110 silly idealTree:prePrune ├── map-stream@0.1.0
110 silly idealTree:prePrune ├── media-typer@0.3.0
110 silly idealTree:prePrune ├── merge-descriptors@1.0.1
110 silly idealTree:prePrune ├── methods@1.1.2
110 silly idealTree:prePrune ├── micromatch@2.3.11
110 silly idealTree:prePrune ├── mime-db@1.30.0
110 silly idealTree:prePrune ├── mime-types@2.1.17
110 silly idealTree:prePrune ├── mime@1.4.1
110 silly idealTree:prePrune ├── minimatch@3.0.4
110 silly idealTree:prePrune ├── minimist@0.0.8
110 silly idealTree:prePrune ├── mkdirp@0.5.1
110 silly idealTree:prePrune ├── mongodb-core@2.1.17
110 silly idealTree:prePrune ├── mongodb@2.2.33
110 silly idealTree:prePrune ├── mongoose@4.13.1
110 silly idealTree:prePrune ├── morgan@1.9.0
110 silly idealTree:prePrune ├── mpath@0.3.0
110 silly idealTree:prePrune ├── mpromise@0.5.5
110 silly idealTree:prePrune ├─┬ mquery@2.3.2
110 silly idealTree:prePrune │ └── sliced@0.0.5
110 silly idealTree:prePrune ├── ms@2.0.0
110 silly idealTree:prePrune ├── multer@1.3.0
110 silly idealTree:prePrune ├── muri@1.3.0
110 silly idealTree:prePrune ├── negotiator@0.6.1
110 silly idealTree:prePrune ├── node-bin-setup@1.0.6
110 silly idealTree:prePrune ├── node@9.1.0
110 silly idealTree:prePrune ├─┬ nodemon@1.12.1
110 silly idealTree:prePrune │ └── es6-promise@3.3.1
110 silly idealTree:prePrune ├── nopt@1.0.10
110 silly idealTree:prePrune ├── normalize-path@2.1.1
110 silly idealTree:prePrune ├── npm-run-path@2.0.2
110 silly idealTree:prePrune ├── number-is-nan@1.0.1
110 silly idealTree:prePrune ├── oauth-sign@0.8.2
110 silly idealTree:prePrune ├── object-assign@3.0.0
110 silly idealTree:prePrune ├── object-component@0.0.3
110 silly idealTree:prePrune ├── object.omit@2.0.1
110 silly idealTree:prePrune ├── on-finished@2.3.0
110 silly idealTree:prePrune ├── on-headers@1.0.1
110 silly idealTree:prePrune ├── optimist@0.3.7
110 silly idealTree:prePrune ├── os-homedir@1.0.2
110 silly idealTree:prePrune ├── p-finally@1.0.0
110 silly idealTree:prePrune ├── package-json@4.0.1
110 silly idealTree:prePrune ├── parse-glob@3.0.4
110 silly idealTree:prePrune ├── parseqs@0.0.5
110 silly idealTree:prePrune ├── parseuri@0.0.5
110 silly idealTree:prePrune ├── parseurl@1.3.2
110 silly idealTree:prePrune ├── path-is-absolute@1.0.1
110 silly idealTree:prePrune ├── path-is-inside@1.0.2
110 silly idealTree:prePrune ├── path-key@2.0.1
110 silly idealTree:prePrune ├── path-to-regexp@0.1.7
110 silly idealTree:prePrune ├── path@0.12.7
110 silly idealTree:prePrune ├── pause-stream@0.0.11
110 silly idealTree:prePrune ├── performance-now@2.1.0
110 silly idealTree:prePrune ├── pify@3.0.0
110 silly idealTree:prePrune ├── prepend-http@1.0.4
110 silly idealTree:prePrune ├── preserve@0.2.0
110 silly idealTree:prePrune ├── process-nextick-args@1.0.7
110 silly idealTree:prePrune ├── process@0.11.10
110 silly idealTree:prePrune ├── promise@6.1.0
110 silly idealTree:prePrune ├── proxy-addr@2.0.2
110 silly idealTree:prePrune ├── ps-tree@1.1.0
110 silly idealTree:prePrune ├── pseudomap@1.0.2
110 silly idealTree:prePrune ├── punycode@1.4.1
110 silly idealTree:prePrune ├── qs@6.5.1
110 silly idealTree:prePrune ├─┬ randomatic@1.1.7
110 silly idealTree:prePrune │ ├─┬ is-number@3.0.0
110 silly idealTree:prePrune │ │ └── kind-of@3.2.2
110 silly idealTree:prePrune │ └── kind-of@4.0.0
110 silly idealTree:prePrune ├── range-parser@1.2.0
110 silly idealTree:prePrune ├── raw-body@2.3.2
110 silly idealTree:prePrune ├─┬ rc@1.2.2
110 silly idealTree:prePrune │ └── minimist@1.2.0
110 silly idealTree:prePrune ├── readable-stream@2.2.7
110 silly idealTree:prePrune ├── readdirp@2.1.0
110 silly idealTree:prePrune ├── regex-cache@0.4.4
110 silly idealTree:prePrune ├── regexp-clone@0.0.1
110 silly idealTree:prePrune ├── registry-auth-token@3.3.1
110 silly idealTree:prePrune ├── registry-url@3.1.0
110 silly idealTree:prePrune ├── remove-trailing-separator@1.1.0
110 silly idealTree:prePrune ├── repeat-element@1.1.2
110 silly idealTree:prePrune ├── repeat-string@1.6.1
110 silly idealTree:prePrune ├── request@2.83.0
110 silly idealTree:prePrune ├── require_optional@1.0.1
110 silly idealTree:prePrune ├── resolve-from@2.0.0
110 silly idealTree:prePrune ├── right-align@0.1.3
110 silly idealTree:prePrune ├── safe-buffer@5.1.1
110 silly idealTree:prePrune ├── semver-diff@2.1.0
110 silly idealTree:prePrune ├── semver@5.4.1
110 silly idealTree:prePrune ├─┬ send@0.16.1
110 silly idealTree:prePrune │ └── statuses@1.3.1
110 silly idealTree:prePrune ├── serve-favicon@2.4.5
110 silly idealTree:prePrune ├── serve-static@1.13.1
110 silly idealTree:prePrune ├── set-immediate-shim@1.0.1
110 silly idealTree:prePrune ├── setprototypeof@1.0.3
110 silly idealTree:prePrune ├── shebang-command@1.2.0
110 silly idealTree:prePrune ├── shebang-regex@1.0.0
110 silly idealTree:prePrune ├── signal-exit@3.0.2
110 silly idealTree:prePrune ├── sliced@1.0.1
110 silly idealTree:prePrune ├── sntp@2.1.0
110 silly idealTree:prePrune ├── socket.io-adapter@1.1.1
110 silly idealTree:prePrune ├── socket.io-client@2.0.4
110 silly idealTree:prePrune ├─┬ socket.io-parser@3.1.2
110 silly idealTree:prePrune │ └── isarray@2.0.1
110 silly idealTree:prePrune ├── socket.io@2.0.4
110 silly idealTree:prePrune ├── source-map@0.4.4
110 silly idealTree:prePrune ├── split@0.3.3
110 silly idealTree:prePrune ├── sshpk@1.13.1
110 silly idealTree:prePrune ├── statuses@1.4.0
110 silly idealTree:prePrune ├── stream-combiner@0.0.4
110 silly idealTree:prePrune ├── streamsearch@0.1.2
110 silly idealTree:prePrune ├── string_decoder@1.0.3
110 silly idealTree:prePrune ├── string-width@2.1.1
110 silly idealTree:prePrune ├── stringstream@0.0.5
110 silly idealTree:prePrune ├── strip-ansi@4.0.0
110 silly idealTree:prePrune ├── strip-eof@1.0.0
110 silly idealTree:prePrune ├── strip-json-comments@2.0.1
110 silly idealTree:prePrune ├── supports-color@4.5.0
110 silly idealTree:prePrune ├── term-size@1.2.0
110 silly idealTree:prePrune ├── through@2.3.8
110 silly idealTree:prePrune ├── timed-out@4.0.1
110 silly idealTree:prePrune ├── to-array@0.1.4
110 silly idealTree:prePrune ├── touch@3.1.0
110 silly idealTree:prePrune ├── tough-cookie@2.3.3
110 silly idealTree:prePrune ├─┬ transformers@2.1.0
110 silly idealTree:prePrune │ ├── is-promise@1.0.1
110 silly idealTree:prePrune │ ├── promise@2.0.0
110 silly idealTree:prePrune │ ├── source-map@0.1.43
110 silly idealTree:prePrune │ └── uglify-js@2.2.5
110 silly idealTree:prePrune ├── tunnel-agent@0.6.0
110 silly idealTree:prePrune ├── tweetnacl@0.14.5
110 silly idealTree:prePrune ├── type-is@1.6.15
110 silly idealTree:prePrune ├── typedarray@0.0.6
110 silly idealTree:prePrune ├─┬ uglify-js@2.8.29
110 silly idealTree:prePrune │ └── source-map@0.5.7
110 silly idealTree:prePrune ├── uglify-to-browserify@1.0.2
110 silly idealTree:prePrune ├── ultron@1.1.0
110 silly idealTree:prePrune ├── undefsafe@0.0.3
110 silly idealTree:prePrune ├── underscore@1.8.3
110 silly idealTree:prePrune ├── unique-string@1.0.0
110 silly idealTree:prePrune ├── unpipe@1.0.0
110 silly idealTree:prePrune ├── unzip-response@2.0.1
110 silly idealTree:prePrune ├── update-notifier@2.3.0
110 silly idealTree:prePrune ├── url-parse-lax@1.0.0
110 silly idealTree:prePrune ├── util-deprecate@1.0.2
110 silly idealTree:prePrune ├─┬ util@0.10.3
110 silly idealTree:prePrune │ └── inherits@2.0.1
110 silly idealTree:prePrune ├── utils-merge@1.0.1
110 silly idealTree:prePrune ├── uuid@3.1.0
110 silly idealTree:prePrune ├── uws@0.14.5
110 silly idealTree:prePrune ├── vary@1.1.2
110 silly idealTree:prePrune ├── verror@1.10.0
110 silly idealTree:prePrune ├── void-elements@2.0.1
110 silly idealTree:prePrune ├── which@1.3.0
110 silly idealTree:prePrune ├─┬ widest-line@1.0.0
110 silly idealTree:prePrune │ ├── ansi-regex@2.1.1
110 silly idealTree:prePrune │ ├── is-fullwidth-code-point@1.0.0
110 silly idealTree:prePrune │ ├── string-width@1.0.2
110 silly idealTree:prePrune │ └── strip-ansi@3.0.1
110 silly idealTree:prePrune ├── window-size@0.1.0
110 silly idealTree:prePrune ├─┬ with@4.0.3
110 silly idealTree:prePrune │ └── acorn@1.2.2
110 silly idealTree:prePrune ├── wordwrap@0.0.3
110 silly idealTree:prePrune ├── write-file-atomic@2.3.0
110 silly idealTree:prePrune ├─┬ ws@2.3.1
110 silly idealTree:prePrune │ └── safe-buffer@5.0.1
110 silly idealTree:prePrune ├── xdg-basedir@3.0.0
110 silly idealTree:prePrune ├── xmlhttprequest-ssl@1.5.4
110 silly idealTree:prePrune ├── xtend@4.0.1
110 silly idealTree:prePrune ├── yallist@2.1.2
110 silly idealTree:prePrune ├── yargs@3.10.0
110 silly idealTree:prePrune └── yeast@0.1.2
111 silly loadIdealTree Finishing
112 silly currentTree eventifyserver@1.0.0
112 silly currentTree ├── abbrev@1.1.1
112 silly currentTree ├── accepts@1.3.4
112 silly currentTree ├── acorn-globals@1.0.9
112 silly currentTree ├── acorn@2.7.0
112 silly currentTree ├── after@0.8.2
112 silly currentTree ├── ajv@5.3.0
112 silly currentTree ├── align-text@0.1.4
112 silly currentTree ├── amdefine@1.0.1
112 silly currentTree ├── ansi-align@2.0.0
112 silly currentTree ├── ansi-regex@3.0.0
112 silly currentTree ├── ansi-styles@3.2.0
112 silly currentTree ├── anymatch@1.3.2
112 silly currentTree ├── append-field@0.1.0
112 silly currentTree ├── arr-diff@2.0.0
112 silly currentTree ├── arr-flatten@1.1.0
112 silly currentTree ├── array-flatten@1.1.1
112 silly currentTree ├── array-unique@0.2.1
112 silly currentTree ├── arraybuffer.slice@0.0.6
112 silly currentTree ├── asap@1.0.0
112 silly currentTree ├── asn1@0.2.3
112 silly currentTree ├── assert-plus@1.0.0
112 silly currentTree ├── async-each@1.0.1
112 silly currentTree ├── async@2.1.4
112 silly currentTree ├── asynckit@0.4.0
112 silly currentTree ├── aws-sign2@0.7.0
112 silly currentTree ├── aws4@1.6.0
112 silly currentTree ├── backo2@1.0.2
112 silly currentTree ├── balanced-match@1.0.0
112 silly currentTree ├── base64-arraybuffer@0.1.5
112 silly currentTree ├── base64id@1.0.0
112 silly currentTree ├── base64url@2.0.0
112 silly currentTree ├── basic-auth@2.0.0
112 silly currentTree ├── bcrypt-pbkdf@1.0.1
112 silly currentTree ├── better-assert@1.0.2
112 silly currentTree ├── binary-extensions@1.10.0
112 silly currentTree ├── blob@0.0.4
112 silly currentTree ├── bluebird@3.5.1
112 silly currentTree ├── body-parser@1.18.2
112 silly currentTree ├── boom@4.3.1
112 silly currentTree ├─┬ boxen@1.2.2
112 silly currentTree │ └── camelcase@4.1.0
112 silly currentTree ├── brace-expansion@1.1.8
112 silly currentTree ├── braces@1.8.5
112 silly currentTree ├── bson@1.0.4
112 silly currentTree ├── buffer-equal-constant-time@1.0.1
112 silly currentTree ├── buffer-shims@1.0.0
112 silly currentTree ├─┬ busboy@0.2.14
112 silly currentTree │ ├── isarray@0.0.1
112 silly currentTree │ ├── readable-stream@1.1.14
112 silly currentTree │ └── string_decoder@0.10.31
112 silly currentTree ├── bytes@3.0.0
112 silly currentTree ├── callsite@1.0.0
112 silly currentTree ├── camelcase@1.2.1
112 silly currentTree ├── capture-stack-trace@1.0.0
112 silly currentTree ├── caseless@0.12.0
112 silly currentTree ├── center-align@0.1.3
112 silly currentTree ├── chalk@2.3.0
112 silly currentTree ├── character-parser@1.2.1
112 silly currentTree ├── chokidar@1.7.0
112 silly currentTree ├─┬ clean-css@3.4.28
112 silly currentTree │ └── commander@2.8.1
112 silly currentTree ├── cli-boxes@1.0.0
112 silly currentTree ├─┬ cliui@2.1.0
112 silly currentTree │ └── wordwrap@0.0.2
112 silly currentTree ├── co@4.6.0
112 silly currentTree ├── code-point-at@1.1.0
112 silly currentTree ├── color-convert@1.9.1
112 silly currentTree ├── color-name@1.1.3
112 silly currentTree ├── combined-stream@1.0.5
112 silly currentTree ├── commander@2.6.0
112 silly currentTree ├── component-bind@1.0.0
112 silly currentTree ├── component-emitter@1.2.1
112 silly currentTree ├── component-inherit@0.0.3
112 silly currentTree ├── concat-map@0.0.1
112 silly currentTree ├── concat-stream@1.6.0
112 silly currentTree ├── config@1.28.1
112 silly currentTree ├── configstore@3.1.1
112 silly currentTree ├── constantinople@3.0.2
112 silly currentTree ├── content-disposition@0.5.2
112 silly currentTree ├── content-type@1.0.4
112 silly currentTree ├── cookie-parser@1.4.3
112 silly currentTree ├── cookie-signature@1.0.6
112 silly currentTree ├── cookie@0.3.1
112 silly currentTree ├── core-util-is@1.0.2
112 silly currentTree ├── create-error-class@3.0.2
112 silly currentTree ├── cross-spawn@5.1.0
112 silly currentTree ├─┬ cryptiles@3.1.2
112 silly currentTree │ └── boom@5.2.0
112 silly currentTree ├── crypto-random-string@1.0.0
112 silly currentTree ├── css-parse@1.0.4
112 silly currentTree ├── css-stringify@1.0.5
112 silly currentTree ├── css@1.0.8
112 silly currentTree ├── dashdash@1.14.1
112 silly currentTree ├── debug@2.6.9
112 silly currentTree ├── decamelize@1.2.0
112 silly currentTree ├── deep-extend@0.4.2
112 silly currentTree ├── delayed-stream@1.0.0
112 silly currentTree ├── depd@1.1.1
112 silly currentTree ├── destroy@1.0.4
112 silly currentTree ├─┬ dicer@0.2.5
112 silly currentTree │ ├── isarray@0.0.1
112 silly currentTree │ ├── readable-stream@1.1.14
112 silly currentTree │ └── string_decoder@0.10.31
112 silly currentTree ├── dot-prop@4.2.0
112 silly currentTree ├── duplexer@0.1.1
112 silly currentTree ├── duplexer3@0.1.4
112 silly currentTree ├── ecc-jsbn@0.1.1
112 silly currentTree ├── ecdsa-sig-formatter@1.0.9
112 silly currentTree ├── ee-first@1.1.1
112 silly currentTree ├── ejs@2.5.7
112 silly currentTree ├── encodeurl@1.0.1
112 silly currentTree ├── engine.io-client@3.1.3
112 silly currentTree ├── engine.io-parser@2.1.1
112 silly currentTree ├─┬ engine.io@3.1.3
112 silly currentTree │ └── accepts@1.3.3
112 silly currentTree ├── es6-promise@3.2.1
112 silly currentTree ├── escape-html@1.0.3
112 silly currentTree ├── escape-string-regexp@1.0.5
112 silly currentTree ├── etag@1.8.1
112 silly currentTree ├── event-stream@3.3.4
112 silly currentTree ├── execa@0.7.0
112 silly currentTree ├── expand-brackets@0.1.5
112 silly currentTree ├── expand-range@1.8.2
112 silly currentTree ├─┬ express@4.16.2
112 silly currentTree │ ├── setprototypeof@1.1.0
112 silly currentTree │ └── statuses@1.3.1
112 silly currentTree ├── extend@3.0.1
112 silly currentTree ├── extglob@0.3.2
112 silly currentTree ├── extsprintf@1.3.0
112 silly currentTree ├── fast-deep-equal@1.0.0
112 silly currentTree ├── fast-json-stable-stringify@2.0.0
112 silly currentTree ├── filename-regex@2.0.1
112 silly currentTree ├── fill-range@2.2.3
112 silly currentTree ├─┬ finalhandler@1.1.0
112 silly currentTree │ └── statuses@1.3.1
112 silly currentTree ├── for-in@1.0.2
112 silly currentTree ├── for-own@0.1.5
112 silly currentTree ├── forever-agent@0.6.1
112 silly currentTree ├── form-data@2.3.1
112 silly currentTree ├── forwarded@0.1.2
112 silly currentTree ├── fresh@0.5.2
112 silly currentTree ├── from@0.1.7
112 silly currentTree ├── get-stream@3.0.0
112 silly currentTree ├── getpass@0.1.7
112 silly currentTree ├── glob-base@0.3.0
112 silly currentTree ├── glob-parent@2.0.0
112 silly currentTree ├── global-dirs@0.1.0
112 silly currentTree ├── got@6.7.1
112 silly currentTree ├── graceful-fs@4.1.11
112 silly currentTree ├── graceful-readlink@1.0.1
112 silly currentTree ├── har-schema@2.0.0
112 silly currentTree ├── har-validator@5.0.3
112 silly currentTree ├─┬ has-binary2@1.0.2
112 silly currentTree │ └── isarray@2.0.1
112 silly currentTree ├── has-cors@1.1.0
112 silly currentTree ├── has-flag@2.0.0
112 silly currentTree ├── hawk@6.0.2
112 silly currentTree ├── hoek@4.2.0
112 silly currentTree ├── hooks-fixed@2.0.2
112 silly currentTree ├── http-errors@1.6.2
112 silly currentTree ├── http-signature@1.2.0
112 silly currentTree ├── iconv-lite@0.4.19
112 silly currentTree ├── ignore-by-default@1.0.1
112 silly currentTree ├── import-lazy@2.1.0
112 silly currentTree ├── imurmurhash@0.1.4
112 silly currentTree ├── indexof@0.0.1
112 silly currentTree ├── inherits@2.0.3
112 silly currentTree ├── ini@1.3.4
112 silly currentTree ├── ipaddr.js@1.5.2
112 silly currentTree ├── is-binary-path@1.0.1
112 silly currentTree ├── is-buffer@1.1.6
112 silly currentTree ├── is-dotfile@1.0.3
112 silly currentTree ├── is-equal-shallow@0.1.3
112 silly currentTree ├── is-extendable@0.1.1
112 silly currentTree ├── is-extglob@1.0.0
112 silly currentTree ├── is-fullwidth-code-point@2.0.0
112 silly currentTree ├── is-glob@2.0.1
112 silly currentTree ├── is-installed-globally@0.1.0
112 silly currentTree ├── is-npm@1.0.0
112 silly currentTree ├── is-number@2.1.0
112 silly currentTree ├── is-obj@1.0.1
112 silly currentTree ├── is-path-inside@1.0.0
112 silly currentTree ├── is-posix-bracket@0.1.1
112 silly currentTree ├── is-primitive@2.0.0
112 silly currentTree ├── is-promise@2.1.0
112 silly currentTree ├── is-redirect@1.0.0
112 silly currentTree ├── is-retry-allowed@1.1.0
112 silly currentTree ├── is-stream@1.1.0
112 silly currentTree ├── is-typedarray@1.0.0
112 silly currentTree ├── isarray@1.0.0
112 silly currentTree ├── isexe@2.0.0
112 silly currentTree ├── isobject@2.1.0
112 silly currentTree ├── isstream@0.1.2
112 silly currentTree ├── jade@1.11.0
112 silly currentTree ├── jsbn@0.1.1
112 silly currentTree ├── json-schema-traverse@0.3.1
112 silly currentTree ├── json-schema@0.2.3
112 silly currentTree ├── json-stringify-safe@5.0.1
112 silly currentTree ├── json5@0.4.0
112 silly currentTree ├── jsonwebtoken@8.1.0
112 silly currentTree ├── jsprim@1.4.1
112 silly currentTree ├── jstransformer@0.0.2
112 silly currentTree ├── jwa@1.1.5
112 silly currentTree ├── jws@3.1.4
112 silly currentTree ├── kareem@1.5.0
112 silly currentTree ├── kind-of@3.2.2
112 silly currentTree ├── latest-version@3.1.0
112 silly currentTree ├── lazy-cache@1.0.4
112 silly currentTree ├── lodash._baseassign@3.2.0
112 silly currentTree ├── lodash._basecopy@3.0.1
112 silly currentTree ├── lodash._bindcallback@3.0.1
112 silly currentTree ├── lodash._createassigner@3.1.1
112 silly currentTree ├── lodash._getnative@3.9.1
112 silly currentTree ├── lodash._isiterateecall@3.0.9
112 silly currentTree ├── lodash.assign@3.2.0
112 silly currentTree ├── lodash.defaults@3.1.2
112 silly currentTree ├── lodash.get@4.4.2
112 silly currentTree ├── lodash.includes@4.3.0
112 silly currentTree ├── lodash.isarguments@3.1.0
112 silly currentTree ├── lodash.isarray@3.0.4
112 silly currentTree ├── lodash.isboolean@3.0.3
112 silly currentTree ├── lodash.isinteger@4.0.4
112 silly currentTree ├── lodash.isnumber@3.0.3
112 silly currentTree ├── lodash.isplainobject@4.0.6
112 silly currentTree ├── lodash.isstring@4.0.1
112 silly currentTree ├── lodash.keys@3.1.2
112 silly currentTree ├── lodash.once@4.1.1
112 silly currentTree ├── lodash.restparam@3.6.1
112 silly currentTree ├── lodash@4.17.4
112 silly currentTree ├── longest@1.0.1
112 silly currentTree ├── lowercase-keys@1.0.0
112 silly currentTree ├── lru-cache@4.1.1
112 silly currentTree ├── make-dir@1.1.0
112 silly currentTree ├── map-stream@0.1.0
112 silly currentTree ├── media-typer@0.3.0
112 silly currentTree ├── merge-descriptors@1.0.1
112 silly currentTree ├── methods@1.1.2
112 silly currentTree ├── micromatch@2.3.11
112 silly currentTree ├── mime-db@1.30.0
112 silly currentTree ├── mime-types@2.1.17
112 silly currentTree ├── mime@1.4.1
112 silly currentTree ├── minimatch@3.0.4
112 silly currentTree ├── minimist@0.0.8
112 silly currentTree ├── mkdirp@0.5.1
112 silly currentTree ├── mongodb-core@2.1.17
112 silly currentTree ├── mongodb@2.2.33
112 silly currentTree ├── mongoose@4.13.1
112 silly currentTree ├── morgan@1.9.0
112 silly currentTree ├── mpath@0.3.0
112 silly currentTree ├── mpromise@0.5.5
112 silly currentTree ├─┬ mquery@2.3.2
112 silly currentTree │ └── sliced@0.0.5
112 silly currentTree ├── ms@2.0.0
112 silly currentTree ├── multer@1.3.0
112 silly currentTree ├── muri@1.3.0
112 silly currentTree ├── negotiator@0.6.1
112 silly currentTree ├─┬ nodemon@1.12.1
112 silly currentTree │ └── es6-promise@3.3.1
112 silly currentTree ├── nopt@1.0.10
112 silly currentTree ├── normalize-path@2.1.1
112 silly currentTree ├── npm-run-path@2.0.2
112 silly currentTree ├── number-is-nan@1.0.1
112 silly currentTree ├── oauth-sign@0.8.2
112 silly currentTree ├── object-assign@3.0.0
112 silly currentTree ├── object-component@0.0.3
112 silly currentTree ├── object.omit@2.0.1
112 silly currentTree ├── on-finished@2.3.0
112 silly currentTree ├── on-headers@1.0.1
112 silly currentTree ├── optimist@0.3.7
112 silly currentTree ├── os-homedir@1.0.2
112 silly currentTree ├── p-finally@1.0.0
112 silly currentTree ├── package-json@4.0.1
112 silly currentTree ├── parse-glob@3.0.4
112 silly currentTree ├── parseqs@0.0.5
112 silly currentTree ├── parseuri@0.0.5
112 silly currentTree ├── parseurl@1.3.2
112 silly currentTree ├── path-is-absolute@1.0.1
112 silly currentTree ├── path-is-inside@1.0.2
112 silly currentTree ├── path-key@2.0.1
112 silly currentTree ├── path-to-regexp@0.1.7
112 silly currentTree ├── path@0.12.7
112 silly currentTree ├── pause-stream@0.0.11
112 silly currentTree ├── performance-now@2.1.0
112 silly currentTree ├── pify@3.0.0
112 silly currentTree ├── prepend-http@1.0.4
112 silly currentTree ├── preserve@0.2.0
112 silly currentTree ├── process-nextick-args@1.0.7
112 silly currentTree ├── process@0.11.10
112 silly currentTree ├── promise@6.1.0
112 silly currentTree ├── proxy-addr@2.0.2
112 silly currentTree ├── ps-tree@1.1.0
112 silly currentTree ├── pseudomap@1.0.2
112 silly currentTree ├── punycode@1.4.1
112 silly currentTree ├── qs@6.5.1
112 silly currentTree ├─┬ randomatic@1.1.7
112 silly currentTree │ ├─┬ is-number@3.0.0
112 silly currentTree │ │ └── kind-of@3.2.2
112 silly currentTree │ └── kind-of@4.0.0
112 silly currentTree ├── range-parser@1.2.0
112 silly currentTree ├── raw-body@2.3.2
112 silly currentTree ├─┬ rc@1.2.2
112 silly currentTree │ └── minimist@1.2.0
112 silly currentTree ├── readable-stream@2.2.7
112 silly currentTree ├── readdirp@2.1.0
112 silly currentTree ├── regex-cache@0.4.4
112 silly currentTree ├── regexp-clone@0.0.1
112 silly currentTree ├── registry-auth-token@3.3.1
112 silly currentTree ├── registry-url@3.1.0
112 silly currentTree ├── remove-trailing-separator@1.1.0
112 silly currentTree ├── repeat-element@1.1.2
112 silly currentTree ├── repeat-string@1.6.1
112 silly currentTree ├── request@2.83.0
112 silly currentTree ├── require_optional@1.0.1
112 silly currentTree ├── resolve-from@2.0.0
112 silly currentTree ├── right-align@0.1.3
112 silly currentTree ├── safe-buffer@5.1.1
112 silly currentTree ├── semver-diff@2.1.0
112 silly currentTree ├── semver@5.4.1
112 silly currentTree ├─┬ send@0.16.1
112 silly currentTree │ └── statuses@1.3.1
112 silly currentTree ├── serve-favicon@2.4.5
112 silly currentTree ├── serve-static@1.13.1
112 silly currentTree ├── set-immediate-shim@1.0.1
112 silly currentTree ├── setprototypeof@1.0.3
112 silly currentTree ├── shebang-command@1.2.0
112 silly currentTree ├── shebang-regex@1.0.0
112 silly currentTree ├── signal-exit@3.0.2
112 silly currentTree ├── sliced@1.0.1
112 silly currentTree ├── sntp@2.1.0
112 silly currentTree ├── socket.io-adapter@1.1.1
112 silly currentTree ├── socket.io-client@2.0.4
112 silly currentTree ├─┬ socket.io-parser@3.1.2
112 silly currentTree │ └── isarray@2.0.1
112 silly currentTree ├── socket.io@2.0.4
112 silly currentTree ├── source-map@0.4.4
112 silly currentTree ├── split@0.3.3
112 silly currentTree ├── sshpk@1.13.1
112 silly currentTree ├── statuses@1.4.0
112 silly currentTree ├── stream-combiner@0.0.4
112 silly currentTree ├── streamsearch@0.1.2
112 silly currentTree ├── string_decoder@1.0.3
112 silly currentTree ├── string-width@2.1.1
112 silly currentTree ├── stringstream@0.0.5
112 silly currentTree ├── strip-ansi@4.0.0
112 silly currentTree ├── strip-eof@1.0.0
112 silly currentTree ├── strip-json-comments@2.0.1
112 silly currentTree ├── supports-color@4.5.0
112 silly currentTree ├── term-size@1.2.0
112 silly currentTree ├── through@2.3.8
112 silly currentTree ├── timed-out@4.0.1
112 silly currentTree ├── to-array@0.1.4
112 silly currentTree ├── touch@3.1.0
112 silly currentTree ├── tough-cookie@2.3.3
112 silly currentTree ├─┬ transformers@2.1.0
112 silly currentTree │ ├── is-promise@1.0.1
112 silly currentTree │ ├── promise@2.0.0
112 silly currentTree │ ├── source-map@0.1.43
112 silly currentTree │ └── uglify-js@2.2.5
112 silly currentTree ├── tunnel-agent@0.6.0
112 silly currentTree ├── tweetnacl@0.14.5
112 silly currentTree ├── type-is@1.6.15
112 silly currentTree ├── typedarray@0.0.6
112 silly currentTree ├─┬ uglify-js@2.8.29
112 silly currentTree │ └── source-map@0.5.7
112 silly currentTree ├── uglify-to-browserify@1.0.2
112 silly currentTree ├── ultron@1.1.0
112 silly currentTree ├── undefsafe@0.0.3
112 silly currentTree ├── underscore@1.8.3
112 silly currentTree ├── unique-string@1.0.0
112 silly currentTree ├── unpipe@1.0.0
112 silly currentTree ├── unzip-response@2.0.1
112 silly currentTree ├── update-notifier@2.3.0
112 silly currentTree ├── url-parse-lax@1.0.0
112 silly currentTree ├── util-deprecate@1.0.2
112 silly currentTree ├─┬ util@0.10.3
112 silly currentTree │ └── inherits@2.0.1
112 silly currentTree ├── utils-merge@1.0.1
112 silly currentTree ├── uuid@3.1.0
112 silly currentTree ├── uws@0.14.5
112 silly currentTree ├── vary@1.1.2
112 silly currentTree ├── verror@1.10.0
112 silly currentTree ├── void-elements@2.0.1
112 silly currentTree ├── which@1.3.0
112 silly currentTree ├─┬ widest-line@1.0.0
112 silly currentTree │ ├── ansi-regex@2.1.1
112 silly currentTree │ ├── is-fullwidth-code-point@1.0.0
112 silly currentTree │ ├── string-width@1.0.2
112 silly currentTree │ └── strip-ansi@3.0.1
112 silly currentTree ├── window-size@0.1.0
112 silly currentTree ├─┬ with@4.0.3
112 silly currentTree │ └── acorn@1.2.2
112 silly currentTree ├── wordwrap@0.0.3
112 silly currentTree ├── write-file-atomic@2.3.0
112 silly currentTree ├─┬ ws@2.3.1
112 silly currentTree │ └── safe-buffer@5.0.1
112 silly currentTree ├── xdg-basedir@3.0.0
112 silly currentTree ├── xmlhttprequest-ssl@1.5.4
112 silly currentTree ├── xtend@4.0.1
112 silly currentTree ├── yallist@2.1.2
112 silly currentTree ├── yargs@3.10.0
112 silly currentTree └── yeast@0.1.2
113 silly idealTree eventifyserver@1.0.0
113 silly idealTree ├── abbrev@1.1.1
113 silly idealTree ├── accepts@1.3.4
113 silly idealTree ├── acorn-globals@1.0.9
113 silly idealTree ├── acorn@2.7.0
113 silly idealTree ├── after@0.8.2
113 silly idealTree ├── ajv@5.3.0
113 silly idealTree ├── align-text@0.1.4
113 silly idealTree ├── amdefine@1.0.1
113 silly idealTree ├── ansi-align@2.0.0
113 silly idealTree ├── ansi-regex@3.0.0
113 silly idealTree ├── ansi-styles@3.2.0
113 silly idealTree ├── anymatch@1.3.2
113 silly idealTree ├── append-field@0.1.0
113 silly idealTree ├── arr-diff@2.0.0
113 silly idealTree ├── arr-flatten@1.1.0
113 silly idealTree ├── array-flatten@1.1.1
113 silly idealTree ├── array-unique@0.2.1
113 silly idealTree ├── arraybuffer.slice@0.0.6
113 silly idealTree ├── asap@1.0.0
113 silly idealTree ├── asn1@0.2.3
113 silly idealTree ├── assert-plus@1.0.0
113 silly idealTree ├── async-each@1.0.1
113 silly idealTree ├── async@2.1.4
113 silly idealTree ├── asynckit@0.4.0
113 silly idealTree ├── aws-sign2@0.7.0
113 silly idealTree ├── aws4@1.6.0
113 silly idealTree ├── backo2@1.0.2
113 silly idealTree ├── balanced-match@1.0.0
113 silly idealTree ├── base64-arraybuffer@0.1.5
113 silly idealTree ├── base64id@1.0.0
113 silly idealTree ├── base64url@2.0.0
113 silly idealTree ├── basic-auth@2.0.0
113 silly idealTree ├── bcrypt-pbkdf@1.0.1
113 silly idealTree ├── better-assert@1.0.2
113 silly idealTree ├── binary-extensions@1.10.0
113 silly idealTree ├── blob@0.0.4
113 silly idealTree ├── bluebird@3.5.1
113 silly idealTree ├── body-parser@1.18.2
113 silly idealTree ├── boom@4.3.1
113 silly idealTree ├─┬ boxen@1.2.2
113 silly idealTree │ └── camelcase@4.1.0
113 silly idealTree ├── brace-expansion@1.1.8
113 silly idealTree ├── braces@1.8.5
113 silly idealTree ├── bson@1.0.4
113 silly idealTree ├── buffer-equal-constant-time@1.0.1
113 silly idealTree ├── buffer-shims@1.0.0
113 silly idealTree ├─┬ busboy@0.2.14
113 silly idealTree │ ├── isarray@0.0.1
113 silly idealTree │ ├── readable-stream@1.1.14
113 silly idealTree │ └── string_decoder@0.10.31
113 silly idealTree ├── bytes@3.0.0
113 silly idealTree ├── callsite@1.0.0
113 silly idealTree ├── camelcase@1.2.1
113 silly idealTree ├── capture-stack-trace@1.0.0
113 silly idealTree ├── caseless@0.12.0
113 silly idealTree ├── center-align@0.1.3
113 silly idealTree ├── chalk@2.3.0
113 silly idealTree ├── character-parser@1.2.1
113 silly idealTree ├── chokidar@1.7.0
113 silly idealTree ├─┬ clean-css@3.4.28
113 silly idealTree │ └── commander@2.8.1
113 silly idealTree ├── cli-boxes@1.0.0
113 silly idealTree ├─┬ cliui@2.1.0
113 silly idealTree │ └── wordwrap@0.0.2
113 silly idealTree ├── co@4.6.0
113 silly idealTree ├── code-point-at@1.1.0
113 silly idealTree ├── color-convert@1.9.1
113 silly idealTree ├── color-name@1.1.3
113 silly idealTree ├── combined-stream@1.0.5
113 silly idealTree ├── commander@2.6.0
113 silly idealTree ├── component-bind@1.0.0
113 silly idealTree ├── component-emitter@1.2.1
113 silly idealTree ├── component-inherit@0.0.3
113 silly idealTree ├── concat-map@0.0.1
113 silly idealTree ├── concat-stream@1.6.0
113 silly idealTree ├── config@1.28.1
113 silly idealTree ├── configstore@3.1.1
113 silly idealTree ├── constantinople@3.0.2
113 silly idealTree ├── content-disposition@0.5.2
113 silly idealTree ├── content-type@1.0.4
113 silly idealTree ├── cookie-parser@1.4.3
113 silly idealTree ├── cookie-signature@1.0.6
113 silly idealTree ├── cookie@0.3.1
113 silly idealTree ├── core-util-is@1.0.2
113 silly idealTree ├── create-error-class@3.0.2
113 silly idealTree ├── cross-spawn@5.1.0
113 silly idealTree ├─┬ cryptiles@3.1.2
113 silly idealTree │ └── boom@5.2.0
113 silly idealTree ├── crypto-random-string@1.0.0
113 silly idealTree ├── css-parse@1.0.4
113 silly idealTree ├── css-stringify@1.0.5
113 silly idealTree ├── css@1.0.8
113 silly idealTree ├── dashdash@1.14.1
113 silly idealTree ├── debug@2.6.9
113 silly idealTree ├── decamelize@1.2.0
113 silly idealTree ├── deep-extend@0.4.2
113 silly idealTree ├── delayed-stream@1.0.0
113 silly idealTree ├── depd@1.1.1
113 silly idealTree ├── destroy@1.0.4
113 silly idealTree ├─┬ dicer@0.2.5
113 silly idealTree │ ├── isarray@0.0.1
113 silly idealTree │ ├── readable-stream@1.1.14
113 silly idealTree │ └── string_decoder@0.10.31
113 silly idealTree ├── dot-prop@4.2.0
113 silly idealTree ├── duplexer@0.1.1
113 silly idealTree ├── duplexer3@0.1.4
113 silly idealTree ├── ecc-jsbn@0.1.1
113 silly idealTree ├── ecdsa-sig-formatter@1.0.9
113 silly idealTree ├── ee-first@1.1.1
113 silly idealTree ├── ejs@2.5.7
113 silly idealTree ├── encodeurl@1.0.1
113 silly idealTree ├── engine.io-client@3.1.3
113 silly idealTree ├── engine.io-parser@2.1.1
113 silly idealTree ├─┬ engine.io@3.1.3
113 silly idealTree │ └── accepts@1.3.3
113 silly idealTree ├── es6-promise@3.2.1
113 silly idealTree ├── escape-html@1.0.3
113 silly idealTree ├── escape-string-regexp@1.0.5
113 silly idealTree ├── etag@1.8.1
113 silly idealTree ├── event-stream@3.3.4
113 silly idealTree ├── execa@0.7.0
113 silly idealTree ├── expand-brackets@0.1.5
113 silly idealTree ├── expand-range@1.8.2
113 silly idealTree ├─┬ express@4.16.2
113 silly idealTree │ ├── setprototypeof@1.1.0
113 silly idealTree │ └── statuses@1.3.1
113 silly idealTree ├── extend@3.0.1
113 silly idealTree ├── extglob@0.3.2
113 silly idealTree ├── extsprintf@1.3.0
113 silly idealTree ├── fast-deep-equal@1.0.0
113 silly idealTree ├── fast-json-stable-stringify@2.0.0
113 silly idealTree ├── filename-regex@2.0.1
113 silly idealTree ├── fill-range@2.2.3
113 silly idealTree ├─┬ finalhandler@1.1.0
113 silly idealTree │ └── statuses@1.3.1
113 silly idealTree ├── for-in@1.0.2
113 silly idealTree ├── for-own@0.1.5
113 silly idealTree ├── forever-agent@0.6.1
113 silly idealTree ├── form-data@2.3.1
113 silly idealTree ├── forwarded@0.1.2
113 silly idealTree ├── fresh@0.5.2
113 silly idealTree ├── from@0.1.7
113 silly idealTree ├── get-stream@3.0.0
113 silly idealTree ├── getpass@0.1.7
113 silly idealTree ├── glob-base@0.3.0
113 silly idealTree ├── glob-parent@2.0.0
113 silly idealTree ├── global-dirs@0.1.0
113 silly idealTree ├── got@6.7.1
113 silly idealTree ├── graceful-fs@4.1.11
113 silly idealTree ├── graceful-readlink@1.0.1
113 silly idealTree ├── har-schema@2.0.0
113 silly idealTree ├── har-validator@5.0.3
113 silly idealTree ├─┬ has-binary2@1.0.2
113 silly idealTree │ └── isarray@2.0.1
113 silly idealTree ├── has-cors@1.1.0
113 silly idealTree ├── has-flag@2.0.0
113 silly idealTree ├── hawk@6.0.2
113 silly idealTree ├── hoek@4.2.0
113 silly idealTree ├── hooks-fixed@2.0.2
113 silly idealTree ├── http-errors@1.6.2
113 silly idealTree ├── http-signature@1.2.0
113 silly idealTree ├── iconv-lite@0.4.19
113 silly idealTree ├── ignore-by-default@1.0.1
113 silly idealTree ├── import-lazy@2.1.0
113 silly idealTree ├── imurmurhash@0.1.4
113 silly idealTree ├── indexof@0.0.1
113 silly idealTree ├── inherits@2.0.3
113 silly idealTree ├── ini@1.3.4
113 silly idealTree ├── ipaddr.js@1.5.2
113 silly idealTree ├── is-binary-path@1.0.1
113 silly idealTree ├── is-buffer@1.1.6
113 silly idealTree ├── is-dotfile@1.0.3
113 silly idealTree ├── is-equal-shallow@0.1.3
113 silly idealTree ├── is-extendable@0.1.1
113 silly idealTree ├── is-extglob@1.0.0
113 silly idealTree ├── is-fullwidth-code-point@2.0.0
113 silly idealTree ├── is-glob@2.0.1
113 silly idealTree ├── is-installed-globally@0.1.0
113 silly idealTree ├── is-npm@1.0.0
113 silly idealTree ├── is-number@2.1.0
113 silly idealTree ├── is-obj@1.0.1
113 silly idealTree ├── is-path-inside@1.0.0
113 silly idealTree ├── is-posix-bracket@0.1.1
113 silly idealTree ├── is-primitive@2.0.0
113 silly idealTree ├── is-promise@2.1.0
113 silly idealTree ├── is-redirect@1.0.0
113 silly idealTree ├── is-retry-allowed@1.1.0
113 silly idealTree ├── is-stream@1.1.0
113 silly idealTree ├── is-typedarray@1.0.0
113 silly idealTree ├── isarray@1.0.0
113 silly idealTree ├── isexe@2.0.0
113 silly idealTree ├── isobject@2.1.0
113 silly idealTree ├── isstream@0.1.2
113 silly idealTree ├── jade@1.11.0
113 silly idealTree ├── jsbn@0.1.1
113 silly idealTree ├── json-schema-traverse@0.3.1
113 silly idealTree ├── json-schema@0.2.3
113 silly idealTree ├── json-stringify-safe@5.0.1
113 silly idealTree ├── json5@0.4.0
113 silly idealTree ├── jsonwebtoken@8.1.0
113 silly idealTree ├── jsprim@1.4.1
113 silly idealTree ├── jstransformer@0.0.2
113 silly idealTree ├── jwa@1.1.5
113 silly idealTree ├── jws@3.1.4
113 silly idealTree ├── kareem@1.5.0
113 silly idealTree ├── kind-of@3.2.2
113 silly idealTree ├── latest-version@3.1.0
113 silly idealTree ├── lazy-cache@1.0.4
113 silly idealTree ├── lodash._baseassign@3.2.0
113 silly idealTree ├── lodash._basecopy@3.0.1
113 silly idealTree ├── lodash._bindcallback@3.0.1
113 silly idealTree ├── lodash._createassigner@3.1.1
113 silly idealTree ├── lodash._getnative@3.9.1
113 silly idealTree ├── lodash._isiterateecall@3.0.9
113 silly idealTree ├── lodash.assign@3.2.0
113 silly idealTree ├── lodash.defaults@3.1.2
113 silly idealTree ├── lodash.get@4.4.2
113 silly idealTree ├── lodash.includes@4.3.0
113 silly idealTree ├── lodash.isarguments@3.1.0
113 silly idealTree ├── lodash.isarray@3.0.4
113 silly idealTree ├── lodash.isboolean@3.0.3
113 silly idealTree ├── lodash.isinteger@4.0.4
113 silly idealTree ├── lodash.isnumber@3.0.3
113 silly idealTree ├── lodash.isplainobject@4.0.6
113 silly idealTree ├── lodash.isstring@4.0.1
113 silly idealTree ├── lodash.keys@3.1.2
113 silly idealTree ├── lodash.once@4.1.1
113 silly idealTree ├── lodash.restparam@3.6.1
113 silly idealTree ├── lodash@4.17.4
113 silly idealTree ├── longest@1.0.1
113 silly idealTree ├── lowercase-keys@1.0.0
113 silly idealTree ├── lru-cache@4.1.1
113 silly idealTree ├── make-dir@1.1.0
113 silly idealTree ├── map-stream@0.1.0
113 silly idealTree ├── media-typer@0.3.0
113 silly idealTree ├── merge-descriptors@1.0.1
113 silly idealTree ├── methods@1.1.2
113 silly idealTree ├── micromatch@2.3.11
113 silly idealTree ├── mime-db@1.30.0
113 silly idealTree ├── mime-types@2.1.17
113 silly idealTree ├── mime@1.4.1
113 silly idealTree ├── minimatch@3.0.4
113 silly idealTree ├── minimist@0.0.8
113 silly idealTree ├── mkdirp@0.5.1
113 silly idealTree ├── mongodb-core@2.1.17
113 silly idealTree ├── mongodb@2.2.33
113 silly idealTree ├── mongoose@4.13.1
113 silly idealTree ├── morgan@1.9.0
113 silly idealTree ├── mpath@0.3.0
113 silly idealTree ├── mpromise@0.5.5
113 silly idealTree ├─┬ mquery@2.3.2
113 silly idealTree │ └── sliced@0.0.5
113 silly idealTree ├── ms@2.0.0
113 silly idealTree ├── multer@1.3.0
113 silly idealTree ├── muri@1.3.0
113 silly idealTree ├── negotiator@0.6.1
113 silly idealTree ├── node-bin-setup@1.0.6
113 silly idealTree ├── node@9.1.0
113 silly idealTree ├─┬ nodemon@1.12.1
113 silly idealTree │ └── es6-promise@3.3.1
113 silly idealTree ├── nopt@1.0.10
113 silly idealTree ├── normalize-path@2.1.1
113 silly idealTree ├── npm-run-path@2.0.2
113 silly idealTree ├── number-is-nan@1.0.1
113 silly idealTree ├── oauth-sign@0.8.2
113 silly idealTree ├── object-assign@3.0.0
113 silly idealTree ├── object-component@0.0.3
113 silly idealTree ├── object.omit@2.0.1
113 silly idealTree ├── on-finished@2.3.0
113 silly idealTree ├── on-headers@1.0.1
113 silly idealTree ├── optimist@0.3.7
113 silly idealTree ├── os-homedir@1.0.2
113 silly idealTree ├── p-finally@1.0.0
113 silly idealTree ├── package-json@4.0.1
113 silly idealTree ├── parse-glob@3.0.4
113 silly idealTree ├── parseqs@0.0.5
113 silly idealTree ├── parseuri@0.0.5
113 silly idealTree ├── parseurl@1.3.2
113 silly idealTree ├── path-is-absolute@1.0.1
113 silly idealTree ├── path-is-inside@1.0.2
113 silly idealTree ├── path-key@2.0.1
113 silly idealTree ├── path-to-regexp@0.1.7
113 silly idealTree ├── path@0.12.7
113 silly idealTree ├── pause-stream@0.0.11
113 silly idealTree ├── performance-now@2.1.0
113 silly idealTree ├── pify@3.0.0
113 silly idealTree ├── prepend-http@1.0.4
113 silly idealTree ├── preserve@0.2.0
113 silly idealTree ├── process-nextick-args@1.0.7
113 silly idealTree ├── process@0.11.10
113 silly idealTree ├── promise@6.1.0
113 silly idealTree ├── proxy-addr@2.0.2
113 silly idealTree ├── ps-tree@1.1.0
113 silly idealTree ├── pseudomap@1.0.2
113 silly idealTree ├── punycode@1.4.1
113 silly idealTree ├── qs@6.5.1
113 silly idealTree ├─┬ randomatic@1.1.7
113 silly idealTree │ ├─┬ is-number@3.0.0
113 silly idealTree │ │ └── kind-of@3.2.2
113 silly idealTree │ └── kind-of@4.0.0
113 silly idealTree ├── range-parser@1.2.0
113 silly idealTree ├── raw-body@2.3.2
113 silly idealTree ├─┬ rc@1.2.2
113 silly idealTree │ └── minimist@1.2.0
113 silly idealTree ├── readable-stream@2.2.7
113 silly idealTree ├── readdirp@2.1.0
113 silly idealTree ├── regex-cache@0.4.4
113 silly idealTree ├── regexp-clone@0.0.1
113 silly idealTree ├── registry-auth-token@3.3.1
113 silly idealTree ├── registry-url@3.1.0
113 silly idealTree ├── remove-trailing-separator@1.1.0
113 silly idealTree ├── repeat-element@1.1.2
113 silly idealTree ├── repeat-string@1.6.1
113 silly idealTree ├── request@2.83.0
113 silly idealTree ├── require_optional@1.0.1
113 silly idealTree ├── resolve-from@2.0.0
113 silly idealTree ├── right-align@0.1.3
113 silly idealTree ├── safe-buffer@5.1.1
113 silly idealTree ├── semver-diff@2.1.0
113 silly idealTree ├── semver@5.4.1
113 silly idealTree ├─┬ send@0.16.1
113 silly idealTree │ └── statuses@1.3.1
113 silly idealTree ├── serve-favicon@2.4.5
113 silly idealTree ├── serve-static@1.13.1
113 silly idealTree ├── set-immediate-shim@1.0.1
113 silly idealTree ├── setprototypeof@1.0.3
113 silly idealTree ├── shebang-command@1.2.0
113 silly idealTree ├── shebang-regex@1.0.0
113 silly idealTree ├── signal-exit@3.0.2
113 silly idealTree ├── sliced@1.0.1
113 silly idealTree ├── sntp@2.1.0
113 silly idealTree ├── socket.io-adapter@1.1.1
113 silly idealTree ├── socket.io-client@2.0.4
113 silly idealTree ├─┬ socket.io-parser@3.1.2
113 silly idealTree │ └── isarray@2.0.1
113 silly idealTree ├── socket.io@2.0.4
113 silly idealTree ├── source-map@0.4.4
113 silly idealTree ├── split@0.3.3
113 silly idealTree ├── sshpk@1.13.1
113 silly idealTree ├── statuses@1.4.0
113 silly idealTree ├── stream-combiner@0.0.4
113 silly idealTree ├── streamsearch@0.1.2
113 silly idealTree ├── string_decoder@1.0.3
113 silly idealTree ├── string-width@2.1.1
113 silly idealTree ├── stringstream@0.0.5
113 silly idealTree ├── strip-ansi@4.0.0
113 silly idealTree ├── strip-eof@1.0.0
113 silly idealTree ├── strip-json-comments@2.0.1
113 silly idealTree ├── supports-color@4.5.0
113 silly idealTree ├── term-size@1.2.0
113 silly idealTree ├── through@2.3.8
113 silly idealTree ├── timed-out@4.0.1
113 silly idealTree ├── to-array@0.1.4
113 silly idealTree ├── touch@3.1.0
113 silly idealTree ├── tough-cookie@2.3.3
113 silly idealTree ├─┬ transformers@2.1.0
113 silly idealTree │ ├── is-promise@1.0.1
113 silly idealTree │ ├── promise@2.0.0
113 silly idealTree │ ├── source-map@0.1.43
113 silly idealTree │ └── uglify-js@2.2.5
113 silly idealTree ├── tunnel-agent@0.6.0
113 silly idealTree ├── tweetnacl@0.14.5
113 silly idealTree ├── type-is@1.6.15
113 silly idealTree ├── typedarray@0.0.6
113 silly idealTree ├─┬ uglify-js@2.8.29
113 silly idealTree │ └── source-map@0.5.7
113 silly idealTree ├── uglify-to-browserify@1.0.2
113 silly idealTree ├── ultron@1.1.0
113 silly idealTree ├── undefsafe@0.0.3
113 silly idealTree ├── underscore@1.8.3
113 silly idealTree ├── unique-string@1.0.0
113 silly idealTree ├── unpipe@1.0.0
113 silly idealTree ├── unzip-response@2.0.1
113 silly idealTree ├── update-notifier@2.3.0
113 silly idealTree ├── url-parse-lax@1.0.0
113 silly idealTree ├── util-deprecate@1.0.2
113 silly idealTree ├─┬ util@0.10.3
113 silly idealTree │ └── inherits@2.0.1
113 silly idealTree ├── utils-merge@1.0.1
113 silly idealTree ├── uuid@3.1.0
113 silly idealTree ├── uws@0.14.5
113 silly idealTree ├── vary@1.1.2
113 silly idealTree ├── verror@1.10.0
113 silly idealTree ├── void-elements@2.0.1
113 silly idealTree ├── which@1.3.0
113 silly idealTree ├─┬ widest-line@1.0.0
113 silly idealTree │ ├── ansi-regex@2.1.1
113 silly idealTree │ ├── is-fullwidth-code-point@1.0.0
113 silly idealTree │ ├── string-width@1.0.2
113 silly idealTree │ └── strip-ansi@3.0.1
113 silly idealTree ├── window-size@0.1.0
113 silly idealTree ├─┬ with@4.0.3
113 silly idealTree │ └── acorn@1.2.2
113 silly idealTree ├── wordwrap@0.0.3
113 silly idealTree ├── write-file-atomic@2.3.0
113 silly idealTree ├─┬ ws@2.3.1
113 silly idealTree │ └── safe-buffer@5.0.1
113 silly idealTree ├── xdg-basedir@3.0.0
113 silly idealTree ├── xmlhttprequest-ssl@1.5.4
113 silly idealTree ├── xtend@4.0.1
113 silly idealTree ├── yallist@2.1.2
113 silly idealTree ├── yargs@3.10.0
113 silly idealTree └── yeast@0.1.2
114 silly generateActionsToTake Starting
115 silly install generateActionsToTake
116 silly generateActionsToTake Finishing
117 silly diffTrees action count 2
118 silly diffTrees add node-bin-setup@1.0.6
119 silly diffTrees add node@9.1.0
120 silly decomposeActions action count 16
121 silly decomposeActions fetch node-bin-setup@1.0.6
122 silly decomposeActions extract node-bin-setup@1.0.6
123 silly decomposeActions test node-bin-setup@1.0.6
124 silly decomposeActions preinstall node-bin-setup@1.0.6
125 silly decomposeActions build node-bin-setup@1.0.6
126 silly decomposeActions install node-bin-setup@1.0.6
127 silly decomposeActions postinstall node-bin-setup@1.0.6
128 silly decomposeActions finalize node-bin-setup@1.0.6
129 silly decomposeActions fetch node@9.1.0
130 silly decomposeActions extract node@9.1.0
131 silly decomposeActions test node@9.1.0
132 silly decomposeActions preinstall node@9.1.0
133 silly decomposeActions build node@9.1.0
134 silly decomposeActions install node@9.1.0
135 silly decomposeActions postinstall node@9.1.0
136 silly decomposeActions finalize node@9.1.0
137 silly executeActions Starting
138 silly install executeActions
139 silly doSerial global-install 0
140 silly doParallel fetch 2
141 verbose lock using /home/leanhtuan110596/.npm/_locks/staging-7aa30e1085363db7.lock for /home/leanhtuan110596/EventifyServer/node_modules/.staging
142 silly doParallel extract 2
143 silly extract node-bin-setup@1.0.6
144 silly extract node@9.1.0
145 verbose unbuild node_modules/.staging/node-bin-setup-6203c973
146 verbose unbuild node_modules/.staging/node-96c87155
147 silly gentlyRm /home/leanhtuan110596/EventifyServer/node_modules/.staging/node-bin-setup-6203c973 is being purged from base /home/leanhtuan110596/EventifyServer
148 verbose gentlyRm don't care about contents; nuking /home/leanhtuan110596/EventifyServer/node_modules/.staging/node-bin-setup-6203c973
149 verbose tar unpack /home/leanhtuan110596/.npm/node-bin-setup/1.0.6/package.tgz
150 verbose tar unpacking to /home/leanhtuan110596/EventifyServer/node_modules/.staging/node-bin-setup-6203c973
151 silly gentlyRm /home/leanhtuan110596/EventifyServer/node_modules/.staging/node-bin-setup-6203c973 is being purged
152 verbose gentlyRm don't care about contents; nuking /home/leanhtuan110596/EventifyServer/node_modules/.staging/node-bin-setup-6203c973
153 silly gentlyRm /home/leanhtuan110596/EventifyServer/node_modules/.staging/node-96c87155 is being purged from base /home/leanhtuan110596/EventifyServer
154 verbose gentlyRm don't care about contents; nuking /home/leanhtuan110596/EventifyServer/node_modules/.staging/node-96c87155
155 silly gunzTarPerm modes [ '775', '664' ]
156 verbose tar unpack /home/leanhtuan110596/.npm/node/9.1.0/package.tgz
157 verbose tar unpacking to /home/leanhtuan110596/EventifyServer/node_modules/.staging/node-96c87155
158 silly gentlyRm /home/leanhtuan110596/EventifyServer/node_modules/.staging/node-96c87155 is being purged
159 verbose gentlyRm don't care about contents; nuking /home/leanhtuan110596/EventifyServer/node_modules/.staging/node-96c87155
160 silly gunzTarPerm modes [ '775', '664' ]
161 silly gunzTarPerm extractEntry package.json
162 silly gunzTarPerm modified mode [ 'package.json', 420, 436 ]
163 silly gunzTarPerm extractEntry package.json
164 silly gunzTarPerm modified mode [ 'package.json', 420, 436 ]
165 silly gunzTarPerm extractEntry index.js
166 silly gunzTarPerm modified mode [ 'index.js', 420, 436 ]
167 silly gunzTarPerm extractEntry installArchSpecificPackage.js
168 silly gunzTarPerm modified mode [ 'installArchSpecificPackage.js', 420, 436 ]
169 silly gunzTarPerm extractEntry README.md
170 silly gunzTarPerm modified mode [ 'README.md', 420, 436 ]
171 silly gentlyRm /home/leanhtuan110596/EventifyServer/node_modules/.staging/node-bin-setup-6203c973/node_modules is being purged
172 verbose gentlyRm don't care about contents; nuking /home/leanhtuan110596/EventifyServer/node_modules/.staging/node-bin-setup-6203c973/node_modules
173 silly gentlyRm /home/leanhtuan110596/EventifyServer/node_modules/.staging/node-96c87155/node_modules is being purged
174 verbose gentlyRm don't care about contents; nuking /home/leanhtuan110596/EventifyServer/node_modules/.staging/node-96c87155/node_modules
175 silly doParallel preinstall 2
176 silly preinstall node-bin-setup@1.0.6 /home/leanhtuan110596/EventifyServer/node_modules/.staging/node-bin-setup-6203c973
177 info lifecycle node-bin-setup@1.0.6~preinstall: node-bin-setup@1.0.6
178 silly preinstall node@9.1.0 /home/leanhtuan110596/EventifyServer/node_modules/.staging/node-96c87155
179 info lifecycle node@9.1.0~preinstall: node@9.1.0
180 silly lifecycle node-bin-setup@1.0.6~preinstall: no script for preinstall, continuing
181 verbose lifecycle node@9.1.0~preinstall: unsafe-perm in lifecycle true
182 verbose lifecycle node@9.1.0~preinstall: PATH: /usr/share/npm/bin/node-gyp-bin:/home/leanhtuan110596/EventifyServer/node_modules/.staging/node-96c87155/node_modules/.bin:/home/leanhtuan110596/EventifyServer/node_modules/.bin:/home/leanhtuan110596/bin:/home/leanhtuan110596/.local/bin:/usr/local/sbin:/usr/local/bin:/usr/sbin:/usr/bin:/sbin:/bin:/usr/games:/usr/local/games:/snap/bin
183 verbose lifecycle node@9.1.0~preinstall: CWD: /home/leanhtuan110596/EventifyServer/node_modules/.staging/node-96c87155
184 silly lifecycle node@9.1.0~preinstall: Args: [ '-c', 'node installArchSpecificPackage' ]
185 info lifecycle node@9.1.0~preinstall: Failed to exec preinstall script
186 verbose unlock done using /home/leanhtuan110596/.npm/_locks/staging-7aa30e1085363db7.lock for /home/leanhtuan110596/EventifyServer/node_modules/.staging
187 silly rollbackFailedOptional Starting
188 silly rollbackFailedOptional Finishing
189 silly runTopLevelLifecycles Starting
190 silly runTopLevelLifecycles Finishing
191 silly install printInstalled
192 warn optional Skipping failed optional dependency /chokidar/fsevents:
193 warn notsup Not compatible with your operating system or architecture: fsevents@1.1.3
194 warn eventifyserver@1.0.0 No description
195 verbose stack Error: node@9.1.0 preinstall: `node installArchSpecificPackage`
195 verbose stack spawn ENOENT
195 verbose stack     at ChildProcess.<anonymous> (/usr/share/npm/lib/utils/spawn.js:17:16)
195 verbose stack     at emitTwo (events.js:87:13)
195 verbose stack     at ChildProcess.emit (events.js:172:7)
195 verbose stack     at maybeClose (internal/child_process.js:821:16)
195 verbose stack     at Process.ChildProcess._handle.onexit (internal/child_process.js:211:5)
196 verbose pkgid node@9.1.0
197 verbose cwd /home/leanhtuan110596/EventifyServer
198 error Linux 4.10.0-38-generic
199 error argv "/usr/bin/nodejs" "/usr/bin/npm" "install" "node"
200 error node v4.2.6
201 error npm  v3.5.2
202 error file sh
203 error code ELIFECYCLE
204 error errno ENOENT
205 error syscall spawn
206 error node@9.1.0 preinstall: `node installArchSpecificPackage`
206 error spawn ENOENT
207 error Failed at the node@9.1.0 preinstall script 'node installArchSpecificPackage'.
207 error Make sure you have the latest version of node.js and npm installed.
207 error If you do, this is most likely a problem with the node package,
207 error not with npm itself.
207 error Tell the author that this fails on your system:
207 error     node installArchSpecificPackage
207 error You can get information on how to open an issue for this project with:
207 error     npm bugs node
207 error Or if that isn't available, you can get their info via:
207 error     npm owner ls node
207 error There is likely additional logging output above.
208 verbose exit [ 1, true ]
